<?xml version="1.0" encoding="utf-8"?><testsuites name="pytest tests"><testsuite name="pytest" errors="0" failures="0" skipped="0" tests="17" time="2.298" timestamp="2026-05-18T06:48:03.931650+00:00" hostname="agent-env-481a3970-8a53-49b0-aec7-9ca9dadd9d5c"><testcase classname="tests.test_admin_management" name="test_admin_list_plans" time="0.542" /><testcase classname="tests.test_admin_management" name="test_admin_update_plan_price_and_public_reflects" time="0.101" /><testcase classname="tests.test_admin_management" name="test_admin_update_basic_jobs_per_day" time="0.091" /><testcase classname="tests.test_admin_management" name="test_admin_reset_plan_overrides" time="0.135" /><testcase classname="tests.test_admin_management" name="test_admin_update_unknown_plan_404" time="0.046" /><testcase classname="tests.test_admin_management" name="test_admin_plans_forbidden_for_non_admin" time="0.398" /><testcase classname="tests.test_admin_management" name="test_admin_plans_unauthenticated_401" time="0.042" /><testcase classname="tests.test_admin_management" name="test_admin_reviews_crud_and_public_filter" time="0.267" /><testcase classname="tests.test_admin_management" name="test_admin_reviews_forbidden_for_non_admin" time="0.093" /><testcase classname="tests.test_admin_management" name="test_admin_get_content_has_all_keys" time="0.045" /><testcase classname="tests.test_admin_management" name="test_admin_update_content_and_public_reflects" time="0.143" /><testcase classname="tests.test_admin_management" name="test_admin_update_content_unknown_keys_400" time="0.043" /><testcase classname="tests.test_admin_management" name="test_admin_content_forbidden_for_non_admin" time="0.044" /><testcase classname="tests.test_admin_management" name="test_admin_conversion_analytics" time="0.047" /><testcase classname="tests.test_admin_management" name="test_admin_jobs_analytics" time="0.047" /><testcase classname="tests.test_admin_management" name="test_admin_analytics_forbidden_for_non_admin" time="0.088" /><testcase classname="tests.test_admin_management" name="test_admin_analytics_unauth_401" time="0.042" /></testsuite></testsuites>