<?xml version="1.0" encoding="utf-8"?><testsuites name="pytest tests"><testsuite name="pytest" errors="0" failures="0" skipped="0" tests="12" time="17.553" timestamp="2026-05-18T06:19:04.242311+00:00" hostname="agent-env-481a3970-8a53-49b0-aec7-9ca9dadd9d5c"><testcase classname="tests.test_jobs_and_pricing" name="test_plans_new_prices_and_quotas" time="0.253" /><testcase classname="tests.test_jobs_and_pricing" name="test_jobs_usage_free_user" time="0.320" /><testcase classname="tests.test_jobs_and_pricing" name="test_discover_requires_auth" time="0.045" /><testcase classname="tests.test_jobs_and_pricing" name="test_discover_shapes_and_cap" time="15.968" /><testcase classname="tests.test_jobs_and_pricing" name="test_discover_quota_402_on_second_call" time="0.046" /><testcase classname="tests.test_jobs_and_pricing" name="test_jobs_list_returns_persisted" time="0.054" /><testcase classname="tests.test_jobs_and_pricing" name="test_jobs_stats" time="0.047" /><testcase classname="tests.test_jobs_and_pricing" name="test_save_and_unsave_and_filter" time="0.192" /><testcase classname="tests.test_jobs_and_pricing" name="test_jobs_filter_by_remote_type" time="0.048" /><testcase classname="tests.test_jobs_and_pricing" name="test_delete_job" time="0.135" /><testcase classname="tests.test_jobs_and_pricing" name="test_dashboard_summary_jobs_fields" time="0.047" /><testcase classname="tests.test_jobs_and_pricing" name="test_admin_unlimited_jobs" time="0.312" /></testsuite></testsuites>