<?xml version="1.0" encoding="utf-8"?><testsuites name="pytest tests"><testsuite name="pytest" errors="0" failures="1" skipped="0" tests="17" time="26.432" timestamp="2026-05-18T06:05:33.596777+00:00" hostname="agent-env-481a3970-8a53-49b0-aec7-9ca9dadd9d5c"><testcase classname="tests.test_leomote" name="test_health" time="0.129" /><testcase classname="tests.test_leomote" name="test_login_and_me" time="0.584" /><testcase classname="tests.test_leomote" name="test_admin_login_role" time="0.315" /><testcase classname="tests.test_leomote" name="test_resume_list_and_active" time="0.271" /><testcase classname="tests.test_leomote" name="test_ats_analyze" time="7.639" /><testcase classname="tests.test_leomote" name="test_ai_keywords" time="0.231"><failure message="AssertionError: Internal Server Error&#10;assert 500 == 200&#10; +  where 500 = &lt;Response [500]&gt;.status_code">E   AssertionError: Internal Server Error
    assert 500 == 200
     +  where 500 = &lt;Response [500]&gt;.status_code</failure></testcase><testcase classname="tests.test_leomote" name="test_ai_rewrite" time="4.333" /><testcase classname="tests.test_leomote" name="test_ai_interview_blocked_for_free" time="0.058" /><testcase classname="tests.test_leomote" name="test_ai_linkedin_blocked_for_free" time="0.045" /><testcase classname="tests.test_leomote" name="test_plans" time="0.045" /><testcase classname="tests.test_leomote" name="test_payment_mock_flow" time="0.144" /><testcase classname="tests.test_leomote" name="test_ai_interview_after_premium" time="11.135" /><testcase classname="tests.test_leomote" name="test_tracker_crud_and_stats" time="0.251" /><testcase classname="tests.test_leomote" name="test_dashboard_summary" time="0.049" /><testcase classname="tests.test_leomote" name="test_admin_endpoints" time="0.406" /><testcase classname="tests.test_leomote" name="test_admin_routes_forbid_regular" time="0.054" /><testcase classname="tests.test_leomote" name="test_admin_block_unblock_flow" time="0.676" /></testsuite></testsuites>